[2026-01-16T22:34:56.599Z] [ERROR] Error al crear el número - Detalle: ValidationError: numeros validation failed: fechaDeConsulta: Cast to date failed for value "16-01-2026 18:34:55" (type string) at path "fechaDeConsulta"
    at Document.invalidate (/var/www/html/savam/node_modules/mongoose/lib/document.js:3377:32)
    at model.$set (/var/www/html/savam/node_modules/mongoose/lib/document.js:1502:12)
    at model.$set (/var/www/html/savam/node_modules/mongoose/lib/document.js:1154:16)
    at model.Document (/var/www/html/savam/node_modules/mongoose/lib/document.js:178:12)
    at model.Model (/var/www/html/savam/node_modules/mongoose/lib/model.js:129:12)
    at new model (/var/www/html/savam/node_modules/mongoose/lib/model.js:4679:15)
    at NumerosRepository.create (/var/www/html/savam/src/repositories/NumerosRepository.ts:7:26)
    at NumerosServices.createNumeros (/var/www/html/savam/src/services/NumerosServices.ts:15:35)
    at storeNumeros (/var/www/html/savam/src/controllers/NumerosController.ts:16:50)
    at Layer.handleRequest (/var/www/html/savam/node_modules/router/lib/layer.js:152:17)
[2026-01-16T23:04:16.494Z] [ERROR] Error al crear el número - Detalle: ValidationError: numeros validation failed: estatus: Path `estatus` is required.
    at Document.invalidate (/var/www/html/savam/node_modules/mongoose/lib/document.js:3377:32)
    at validatePath (/var/www/html/savam/node_modules/mongoose/lib/document.js:3152:13)
    at process.processTicksAndRejections (node:internal/process/task_queues:105:5)
    at async Promise.all (index 1)
    at async model.$__validate (/var/www/html/savam/node_modules/mongoose/lib/document.js:3093:3)
    at async model.validate (/var/www/html/savam/node_modules/mongoose/lib/document.js:2670:5)
    at async model.validateBeforeSave (/var/www/html/savam/node_modules/mongoose/lib/plugins/validateBeforeSave.js:34:7)
    at async Kareem.execPre (/var/www/html/savam/node_modules/kareem/index.js:65:24)
    at async model.$__save (/var/www/html/savam/node_modules/mongoose/lib/model.js:369:5)
    at async model.save (/var/www/html/savam/node_modules/mongoose/lib/model.js:609:5)
[2026-01-16T23:04:53.171Z] [ERROR] Error al crear el número - Detalle: ValidationError: numeros validation failed: estatus: Path `estatus` is required.
    at Document.invalidate (/var/www/html/savam/node_modules/mongoose/lib/document.js:3377:32)
    at validatePath (/var/www/html/savam/node_modules/mongoose/lib/document.js:3152:13)
    at process.processTicksAndRejections (node:internal/process/task_queues:105:5)
    at async Promise.all (index 1)
    at async model.$__validate (/var/www/html/savam/node_modules/mongoose/lib/document.js:3093:3)
    at async model.validate (/var/www/html/savam/node_modules/mongoose/lib/document.js:2670:5)
    at async model.validateBeforeSave (/var/www/html/savam/node_modules/mongoose/lib/plugins/validateBeforeSave.js:34:7)
    at async Kareem.execPre (/var/www/html/savam/node_modules/kareem/index.js:65:24)
    at async model.$__save (/var/www/html/savam/node_modules/mongoose/lib/model.js:369:5)
    at async model.save (/var/www/html/savam/node_modules/mongoose/lib/model.js:609:5)
[2026-01-16T23:09:37.197Z] [ERROR] Error al crear el número - Detalle: ValidationError: numeros validation failed: estatus: Path `estatus` is required.
    at Document.invalidate (/var/www/html/savam/node_modules/mongoose/lib/document.js:3377:32)
    at validatePath (/var/www/html/savam/node_modules/mongoose/lib/document.js:3152:13)
    at process.processTicksAndRejections (node:internal/process/task_queues:105:5)
    at async Promise.all (index 1)
    at async model.$__validate (/var/www/html/savam/node_modules/mongoose/lib/document.js:3093:3)
    at async model.validate (/var/www/html/savam/node_modules/mongoose/lib/document.js:2670:5)
    at async model.validateBeforeSave (/var/www/html/savam/node_modules/mongoose/lib/plugins/validateBeforeSave.js:34:7)
    at async Kareem.execPre (/var/www/html/savam/node_modules/kareem/index.js:65:24)
    at async model.$__save (/var/www/html/savam/node_modules/mongoose/lib/model.js:369:5)
    at async model.save (/var/www/html/savam/node_modules/mongoose/lib/model.js:609:5)
[2026-01-16T23:19:42.340Z] [ERROR] Error al crear el número - Detalle: ValidationError: numeros validation failed: estatus: Path `estatus` is required.
    at Document.invalidate (/var/www/html/savam/node_modules/mongoose/lib/document.js:3377:32)
    at validatePath (/var/www/html/savam/node_modules/mongoose/lib/document.js:3152:13)
    at process.processTicksAndRejections (node:internal/process/task_queues:105:5)
    at async Promise.all (index 1)
    at async model.$__validate (/var/www/html/savam/node_modules/mongoose/lib/document.js:3093:3)
    at async model.validate (/var/www/html/savam/node_modules/mongoose/lib/document.js:2670:5)
    at async model.validateBeforeSave (/var/www/html/savam/node_modules/mongoose/lib/plugins/validateBeforeSave.js:34:7)
    at async Kareem.execPre (/var/www/html/savam/node_modules/kareem/index.js:65:24)
    at async model.$__save (/var/www/html/savam/node_modules/mongoose/lib/model.js:369:5)
    at async model.save (/var/www/html/savam/node_modules/mongoose/lib/model.js:609:5)
[2026-01-16T23:50:43.956Z] [ERROR] Error al crear el número - Detalle: ValidationError: numeros validation failed: cedula: Path `cedula` is required.
    at Document.invalidate (/var/www/html/savam/node_modules/mongoose/lib/document.js:3377:32)
    at validatePath (/var/www/html/savam/node_modules/mongoose/lib/document.js:3152:13)
    at process.processTicksAndRejections (node:internal/process/task_queues:105:5)
    at async Promise.all (index 0)
    at async model.$__validate (/var/www/html/savam/node_modules/mongoose/lib/document.js:3093:3)
    at async model.validate (/var/www/html/savam/node_modules/mongoose/lib/document.js:2670:5)
    at async model.validateBeforeSave (/var/www/html/savam/node_modules/mongoose/lib/plugins/validateBeforeSave.js:34:7)
    at async Kareem.execPre (/var/www/html/savam/node_modules/kareem/index.js:65:24)
    at async model.$__save (/var/www/html/savam/node_modules/mongoose/lib/model.js:369:5)
    at async model.save (/var/www/html/savam/node_modules/mongoose/lib/model.js:609:5)
[2026-01-17T21:41:31.665Z] [ERROR] Error al crear el suscriptor - Detalle: ValidationError: suscriptor validation failed: estatus: Path `estatus` is required.
    at Document.invalidate (/var/www/html/savam/node_modules/mongoose/lib/document.js:3377:32)
    at validatePath (/var/www/html/savam/node_modules/mongoose/lib/document.js:3152:13)
    at process.processTicksAndRejections (node:internal/process/task_queues:105:5)
    at async Promise.all (index 1)
    at async model.$__validate (/var/www/html/savam/node_modules/mongoose/lib/document.js:3093:3)
    at async model.validate (/var/www/html/savam/node_modules/mongoose/lib/document.js:2670:5)
    at async model.validateBeforeSave (/var/www/html/savam/node_modules/mongoose/lib/plugins/validateBeforeSave.js:34:7)
    at async Kareem.execPre (/var/www/html/savam/node_modules/kareem/index.js:65:24)
    at async model.$__save (/var/www/html/savam/node_modules/mongoose/lib/model.js:369:5)
    at async model.save (/var/www/html/savam/node_modules/mongoose/lib/model.js:609:5)
[2026-01-17T21:45:04.221Z] [ERROR] Error al crear el suscriptor - Detalle: ValidationError: suscriptor validation failed: estatus: Path `estatus` is required.
    at Document.invalidate (/var/www/html/savam/node_modules/mongoose/lib/document.js:3377:32)
    at validatePath (/var/www/html/savam/node_modules/mongoose/lib/document.js:3152:13)
    at process.processTicksAndRejections (node:internal/process/task_queues:105:5)
    at async Promise.all (index 1)
    at async model.$__validate (/var/www/html/savam/node_modules/mongoose/lib/document.js:3093:3)
    at async model.validate (/var/www/html/savam/node_modules/mongoose/lib/document.js:2670:5)
    at async model.validateBeforeSave (/var/www/html/savam/node_modules/mongoose/lib/plugins/validateBeforeSave.js:34:7)
    at async Kareem.execPre (/var/www/html/savam/node_modules/kareem/index.js:65:24)
    at async model.$__save (/var/www/html/savam/node_modules/mongoose/lib/model.js:369:5)
    at async model.save (/var/www/html/savam/node_modules/mongoose/lib/model.js:609:5)
